  [1m[36m (23.6ms)[0m  [1mCREATE TABLE "schema_migrations" ("version" varchar(255) NOT NULL) [0m
  [1m[35m (1.8ms)[0m  CREATE UNIQUE INDEX "unique_schema_migrations" ON "schema_migrations" ("version")
  [1m[36mActiveRecord::SchemaMigration Load (0.2ms)[0m  [1mSELECT "schema_migrations".* FROM "schema_migrations"[0m
Migrating to CreateUsers (20140705084035)
  [1m[35m (0.1ms)[0m  begin transaction
  [1m[36m (0.5ms)[0m  [1mCREATE TABLE "users" ("id" INTEGER PRIMARY KEY AUTOINCREMENT NOT NULL, "name" varchar(255), "email" varchar(255), "created_at" datetime, "updated_at" datetime) [0m
  [1m[35mSQL (0.2ms)[0m  INSERT INTO "schema_migrations" ("version") VALUES (?)  [["version", "20140705084035"]]
  [1m[36m (1.2ms)[0m  [1mcommit transaction[0m
  [1m[35mActiveRecord::SchemaMigration Load (0.1ms)[0m  SELECT "schema_migrations".* FROM "schema_migrations"
DEPRECATION WARNING: You didn't set config.secret_key_base. Read the upgrade documentation to learn more about this new config option. (called from service at /Users/hypermkt/.rvm/rubies/ruby-2.0.0-p481/lib/ruby/2.0.0/webrick/httpserver.rb:138)
DEPRECATION WARNING: You didn't set config.secret_key_base. Read the upgrade documentation to learn more about this new config option. (called from service at /Users/hypermkt/.rvm/rubies/ruby-2.0.0-p481/lib/ruby/2.0.0/webrick/httpserver.rb:138)
DEPRECATION WARNING: You didn't set config.secret_key_base. Read the upgrade documentation to learn more about this new config option. (called from service at /Users/hypermkt/.rvm/rubies/ruby-2.0.0-p481/lib/ruby/2.0.0/webrick/httpserver.rb:138)
DEPRECATION WARNING: You didn't set config.secret_key_base. Read the upgrade documentation to learn more about this new config option. (called from service at /Users/hypermkt/.rvm/rubies/ruby-2.0.0-p481/lib/ruby/2.0.0/webrick/httpserver.rb:138)
DEPRECATION WARNING: You didn't set config.secret_key_base. Read the upgrade documentation to learn more about this new config option. (called from service at /Users/hypermkt/.rvm/rubies/ruby-2.0.0-p481/lib/ruby/2.0.0/webrick/httpserver.rb:138)
DEPRECATION WARNING: You didn't set config.secret_key_base. Read the upgrade documentation to learn more about this new config option. (called from service at /Users/hypermkt/.rvm/rubies/ruby-2.0.0-p481/lib/ruby/2.0.0/webrick/httpserver.rb:138)
  [1m[36mActiveRecord::SchemaMigration Load (0.1ms)[0m  [1mSELECT "schema_migrations".* FROM "schema_migrations"[0m
Migrating to CreateUsers (20140705092737)
  [1m[35m (0.1ms)[0m  begin transaction
  [1m[36m (0.2ms)[0m  [1mCREATE TABLE "users" ("id" INTEGER PRIMARY KEY AUTOINCREMENT NOT NULL, "name" varchar(255), "email" varchar(255), "created_at" datetime, "updated_at" datetime) [0m
SQLite3::SQLException: table "users" already exists: CREATE TABLE "users" ("id" INTEGER PRIMARY KEY AUTOINCREMENT NOT NULL, "name" varchar(255), "email" varchar(255), "created_at" datetime, "updated_at" datetime) 
  [1m[35m (0.0ms)[0m  rollback transaction
  [1m[36m (3.1ms)[0m  [1mCREATE TABLE "schema_migrations" ("version" varchar(255) NOT NULL) [0m
  [1m[35m (1.0ms)[0m  CREATE UNIQUE INDEX "unique_schema_migrations" ON "schema_migrations" ("version")
  [1m[36mActiveRecord::SchemaMigration Load (0.1ms)[0m  [1mSELECT "schema_migrations".* FROM "schema_migrations"[0m
Migrating to CreateUsers (20140705092737)
  [1m[35m (0.1ms)[0m  begin transaction
  [1m[36m (0.4ms)[0m  [1mCREATE TABLE "users" ("id" INTEGER PRIMARY KEY AUTOINCREMENT NOT NULL, "name" varchar(255), "email" varchar(255), "created_at" datetime, "updated_at" datetime) [0m
  [1m[35mSQL (0.2ms)[0m  INSERT INTO "schema_migrations" ("version") VALUES (?)  [["version", "20140705092737"]]
  [1m[36m (1.4ms)[0m  [1mcommit transaction[0m
  [1m[35mActiveRecord::SchemaMigration Load (0.1ms)[0m  SELECT "schema_migrations".* FROM "schema_migrations"


Started GET "/" for 127.0.0.1 at 2014-07-05 18:28:20 +0900
  [1m[36mActiveRecord::SchemaMigration Load (0.1ms)[0m  [1mSELECT "schema_migrations".* FROM "schema_migrations"[0m
Processing by Rails::WelcomeController#index as HTML
  Rendered /Users/hypermkt/.rbenv/versions/2.1.2/lib/ruby/gems/2.1.0/gems/railties-4.0.5/lib/rails/templates/rails/welcome/index.html.erb (2.9ms)
Completed 200 OK in 12ms (Views: 11.1ms | ActiveRecord: 0.0ms)
